2023-01-11 16:48:45.203  INFO 9606 --- [restartedMain] br.com.ifpe.oxefood.OxefoodApplication   : Starting OxefoodApplication using Java 11.0.17 on ubuntu-matheus with PID 9606 (/home/matheus/git/oxefood-backend/target/classes started by matheus in /home/matheus/git/oxefood-backend)
2023-01-11 16:48:45.207  INFO 9606 --- [restartedMain] br.com.ifpe.oxefood.OxefoodApplication   : No active profile set, falling back to 1 default profile: "default"
2023-01-11 16:48:45.265  INFO 9606 --- [restartedMain] .e.DevToolsPropertyDefaultsPostProcessor : Devtools property defaults active! Set 'spring.devtools.add-properties' to 'false' to disable
2023-01-11 16:48:45.265  INFO 9606 --- [restartedMain] .e.DevToolsPropertyDefaultsPostProcessor : For additional web related logging consider setting the 'logging.level.web' property to 'DEBUG'
2023-01-11 16:48:45.917  INFO 9606 --- [restartedMain] .s.d.r.c.RepositoryConfigurationDelegate : Bootstrapping Spring Data JPA repositories in DEFAULT mode.
2023-01-11 16:48:45.966  INFO 9606 --- [restartedMain] .s.d.r.c.RepositoryConfigurationDelegate : Finished Spring Data repository scanning in 43 ms. Found 8 JPA repository interfaces.
2023-01-11 16:48:46.503  INFO 9606 --- [restartedMain] o.s.b.w.embedded.tomcat.TomcatWebServer  : Tomcat initialized with port(s): 8085 (http)
2023-01-11 16:48:46.512  INFO 9606 --- [restartedMain] o.apache.catalina.core.StandardService   : Starting service [Tomcat]
2023-01-11 16:48:46.512  INFO 9606 --- [restartedMain] org.apache.catalina.core.StandardEngine  : Starting Servlet engine: [Apache Tomcat/9.0.65]
2023-01-11 16:48:46.554  INFO 9606 --- [restartedMain] o.a.c.c.C.[Tomcat].[localhost].[/]       : Initializing Spring embedded WebApplicationContext
2023-01-11 16:48:46.555  INFO 9606 --- [restartedMain] w.s.c.ServletWebServerApplicationContext : Root WebApplicationContext: initialization completed in 1289 ms
2023-01-11 16:48:46.597  INFO 9606 --- [restartedMain] com.zaxxer.hikari.HikariDataSource       : HikariPool-1 - Starting...
2023-01-11 16:48:49.395  INFO 9606 --- [restartedMain] com.zaxxer.hikari.HikariDataSource       : HikariPool-1 - Start completed.
2023-01-11 16:48:49.408  INFO 9606 --- [restartedMain] o.s.b.a.h2.H2ConsoleAutoConfiguration    : H2 console available at '/h2-console'. Database available at 'jdbc:postgresql://containers-us-west-71.railway.app:7008/railway'
2023-01-11 16:48:49.560  INFO 9606 --- [restartedMain] o.hibernate.jpa.internal.util.LogHelper  : HHH000204: Processing PersistenceUnitInfo [name: default]
2023-01-11 16:48:49.608  INFO 9606 --- [restartedMain] org.hibernate.Version                    : HHH000412: Hibernate ORM core version 5.6.11.Final
2023-01-11 16:48:49.728  INFO 9606 --- [restartedMain] o.hibernate.annotations.common.Version   : HCANN000001: Hibernate Commons Annotations {5.1.2.Final}
2023-01-11 16:48:49.823  INFO 9606 --- [restartedMain] org.hibernate.dialect.Dialect            : HHH000400: Using dialect: org.hibernate.dialect.PostgreSQLDialect
2023-01-11 16:48:53.884  INFO 9606 --- [restartedMain] o.h.e.t.j.p.i.JtaPlatformInitiator       : HHH000490: Using JtaPlatform implementation: [org.hibernate.engine.transaction.jta.platform.internal.NoJtaPlatform]
2023-01-11 16:48:53.889  INFO 9606 --- [restartedMain] j.LocalContainerEntityManagerFactoryBean : Initialized JPA EntityManagerFactory for persistence unit 'default'
2023-01-11 16:48:55.272 DEBUG 9606 --- [restartedMain] edFilterInvocationSecurityMetadataSource : Adding web access control expression [permitAll] for Ant [pattern='/swagger-resources/**']
2023-01-11 16:48:55.286 DEBUG 9606 --- [restartedMain] edFilterInvocationSecurityMetadataSource : Adding web access control expression [permitAll] for Ant [pattern='/swagger-ui.html']
2023-01-11 16:48:55.286 DEBUG 9606 --- [restartedMain] edFilterInvocationSecurityMetadataSource : Adding web access control expression [permitAll] for Ant [pattern='/swagger*/**']
2023-01-11 16:48:55.286 DEBUG 9606 --- [restartedMain] edFilterInvocationSecurityMetadataSource : Adding web access control expression [permitAll] for Ant [pattern='/v2/api-docs']
2023-01-11 16:48:55.287 DEBUG 9606 --- [restartedMain] edFilterInvocationSecurityMetadataSource : Adding web access control expression [permitAll] for Ant [pattern='/webjars/**']
2023-01-11 16:48:55.287 DEBUG 9606 --- [restartedMain] edFilterInvocationSecurityMetadataSource : Adding web access control expression [permitAll] for Ant [pattern='/routes/**']
2023-01-11 16:48:55.287 DEBUG 9606 --- [restartedMain] edFilterInvocationSecurityMetadataSource : Adding web access control expression [permitAll] for Ant [pattern='/favicon.ico']
2023-01-11 16:48:55.287 DEBUG 9606 --- [restartedMain] edFilterInvocationSecurityMetadataSource : Adding web access control expression [permitAll] for Ant [pattern='/ws/**']
2023-01-11 16:48:55.287 DEBUG 9606 --- [restartedMain] edFilterInvocationSecurityMetadataSource : Adding web access control expression [permitAll] for Ant [pattern='/delifacil/**/dadosPedidoNew/**']
2023-01-11 16:48:55.287 DEBUG 9606 --- [restartedMain] edFilterInvocationSecurityMetadataSource : Adding web access control expression [permitAll] for Ant [pattern='/delifacil/image/**']
2023-01-11 16:48:55.287 DEBUG 9606 --- [restartedMain] edFilterInvocationSecurityMetadataSource : Adding web access control expression [permitAll] for Ant [pattern='/api/cliente', POST]
2023-01-11 16:48:55.287 DEBUG 9606 --- [restartedMain] edFilterInvocationSecurityMetadataSource : Adding web access control expression [permitAll] for Ant [pattern='/api/empresa', POST]
2023-01-11 16:48:55.287 DEBUG 9606 --- [restartedMain] edFilterInvocationSecurityMetadataSource : Adding web access control expression [permitAll] for Ant [pattern='/api/login/signin', POST]
2023-01-11 16:48:55.287 DEBUG 9606 --- [restartedMain] edFilterInvocationSecurityMetadataSource : Adding web access control expression [hasAnyAuthority('EMPRESA_ADMIN','EMPRESA_USER')] for Ant [pattern='/api/categoriaproduto', POST]
2023-01-11 16:48:55.288 DEBUG 9606 --- [restartedMain] edFilterInvocationSecurityMetadataSource : Adding web access control expression [hasAnyAuthority('EMPRESA_ADMIN','EMPRESA_USER')] for Ant [pattern='/api/categoriaproduto/*', PUT]
2023-01-11 16:48:55.289 DEBUG 9606 --- [restartedMain] edFilterInvocationSecurityMetadataSource : Adding web access control expression [hasAnyAuthority('EMPRESA_ADMIN')] for Ant [pattern='/api/categoriaproduto/*', DELETE]
2023-01-11 16:48:55.289 DEBUG 9606 --- [restartedMain] edFilterInvocationSecurityMetadataSource : Adding web access control expression [hasAnyAuthority('CLIENTE','EMPRESA_ADMIN','EMPRESA_USER')] for Ant [pattern='/api/categoriaproduto/', GET]
2023-01-11 16:48:55.289 DEBUG 9606 --- [restartedMain] edFilterInvocationSecurityMetadataSource : Adding web access control expression [hasAnyAuthority('CLIENTE','EMPRESA_ADMIN','EMPRESA_USER')] for any request
2023-01-11 16:48:55.300  INFO 9606 --- [restartedMain] o.s.s.web.DefaultSecurityFilterChain     : Will secure any request with [org.springframework.security.web.session.DisableEncodeUrlFilter@7d4d2689, org.springframework.security.web.context.request.async.WebAsyncManagerIntegrationFilter@17f296f1, org.springframework.security.web.context.SecurityContextPersistenceFilter@783ff197, org.springframework.security.web.header.HeaderWriterFilter@20683339, org.springframework.web.filter.CorsFilter@36230e93, org.springframework.security.web.authentication.logout.LogoutFilter@4cdfda1e, br.com.ifpe.oxefood.security.jwt.JwtTokenAuthenticationFilter@6f8a2d06, org.springframework.security.web.savedrequest.RequestCacheAwareFilter@44df1cd1, org.springframework.security.web.servletapi.SecurityContextHolderAwareRequestFilter@436bee94, org.springframework.security.web.authentication.AnonymousAuthenticationFilter@7b673710, org.springframework.security.web.session.SessionManagementFilter@4f34ac38, org.springframework.security.web.access.ExceptionTranslationFilter@65250098, org.springframework.security.web.access.intercept.FilterSecurityInterceptor@30379744]
2023-01-11 16:48:55.400  INFO 9606 --- [restartedMain] o.s.b.d.a.OptionalLiveReloadServer       : LiveReload server is running on port 35729
2023-01-11 16:48:55.517  WARN 9606 --- [restartedMain] JpaBaseConfiguration$JpaWebConfiguration : spring.jpa.open-in-view is enabled by default. Therefore, database queries may be performed during view rendering. Explicitly configure spring.jpa.open-in-view to disable this warning
2023-01-11 16:48:55.822  INFO 9606 --- [restartedMain] o.s.b.w.embedded.tomcat.TomcatWebServer  : Tomcat started on port(s): 8085 (http) with context path ''
2023-01-11 16:48:56.071  INFO 9606 --- [restartedMain] br.com.ifpe.oxefood.OxefoodApplication   : Started OxefoodApplication in 11.195 seconds (JVM running for 11.786)
2023-01-11 16:49:25.816  INFO 9606 --- [http-nio-8085-exec-1] o.a.c.c.C.[Tomcat].[localhost].[/]       : Initializing Spring DispatcherServlet 'dispatcherServlet'
2023-01-11 16:49:25.816  INFO 9606 --- [http-nio-8085-exec-1] o.s.web.servlet.DispatcherServlet        : Initializing Servlet 'dispatcherServlet'
2023-01-11 16:49:25.818  INFO 9606 --- [http-nio-8085-exec-1] o.s.web.servlet.DispatcherServlet        : Completed initialization in 2 ms
2023-01-11 16:49:25.826 DEBUG 9606 --- [http-nio-8085-exec-1] o.s.security.web.FilterChainProxy        : Securing GET /swagger-ui.html
2023-01-11 16:49:25.830 DEBUG 9606 --- [http-nio-8085-exec-1] s.s.w.c.SecurityContextPersistenceFilter : Set SecurityContextHolder to empty SecurityContext
2023-01-11 16:49:25.846 DEBUG 9606 --- [http-nio-8085-exec-1] o.s.s.w.a.AnonymousAuthenticationFilter  : Set SecurityContextHolder to anonymous SecurityContext
2023-01-11 16:49:25.850 DEBUG 9606 --- [http-nio-8085-exec-1] o.s.s.w.a.i.FilterSecurityInterceptor    : Authorized filter invocation [GET /swagger-ui.html] with attributes [permitAll]
2023-01-11 16:49:25.851 DEBUG 9606 --- [http-nio-8085-exec-1] o.s.security.web.FilterChainProxy        : Secured GET /swagger-ui.html
2023-01-11 16:49:25.864 DEBUG 9606 --- [http-nio-8085-exec-1] s.s.w.c.SecurityContextPersistenceFilter : Cleared SecurityContextHolder to complete request
2023-01-11 16:49:25.876 DEBUG 9606 --- [http-nio-8085-exec-2] o.s.security.web.FilterChainProxy        : Securing GET /webjars/springfox-swagger-ui/springfox.css?v=2.8.0-SNAPSHOT
2023-01-11 16:49:25.877 DEBUG 9606 --- [http-nio-8085-exec-2] s.s.w.c.SecurityContextPersistenceFilter : Set SecurityContextHolder to empty SecurityContext
2023-01-11 16:49:25.879 DEBUG 9606 --- [http-nio-8085-exec-2] o.s.s.w.a.AnonymousAuthenticationFilter  : Set SecurityContextHolder to anonymous SecurityContext
2023-01-11 16:49:25.879 DEBUG 9606 --- [http-nio-8085-exec-2] o.s.s.w.a.i.FilterSecurityInterceptor    : Authorized filter invocation [GET /webjars/springfox-swagger-ui/springfox.css?v=2.8.0-SNAPSHOT] with attributes [permitAll]
2023-01-11 16:49:25.879 DEBUG 9606 --- [http-nio-8085-exec-2] o.s.security.web.FilterChainProxy        : Secured GET /webjars/springfox-swagger-ui/springfox.css?v=2.8.0-SNAPSHOT
2023-01-11 16:49:25.890 DEBUG 9606 --- [http-nio-8085-exec-2] s.s.w.c.SecurityContextPersistenceFilter : Cleared SecurityContextHolder to complete request
2023-01-11 16:49:25.891 DEBUG 9606 --- [http-nio-8085-exec-5] o.s.security.web.FilterChainProxy        : Securing GET /webjars/springfox-swagger-ui/swagger-ui-standalone-preset.js?v=2.8.0-SNAPSHOT
2023-01-11 16:49:25.891 DEBUG 9606 --- [http-nio-8085-exec-5] s.s.w.c.SecurityContextPersistenceFilter : Set SecurityContextHolder to empty SecurityContext
2023-01-11 16:49:25.892 DEBUG 9606 --- [http-nio-8085-exec-6] o.s.security.web.FilterChainProxy        : Securing GET /webjars/springfox-swagger-ui/springfox.js?v=2.8.0-SNAPSHOT
2023-01-11 16:49:25.892 DEBUG 9606 --- [http-nio-8085-exec-6] s.s.w.c.SecurityContextPersistenceFilter : Set SecurityContextHolder to empty SecurityContext
2023-01-11 16:49:25.892 DEBUG 9606 --- [http-nio-8085-exec-3] o.s.security.web.FilterChainProxy        : Securing GET /webjars/springfox-swagger-ui/swagger-ui.css?v=2.8.0-SNAPSHOT
2023-01-11 16:49:25.892 DEBUG 9606 --- [http-nio-8085-exec-3] s.s.w.c.SecurityContextPersistenceFilter : Set SecurityContextHolder to empty SecurityContext
2023-01-11 16:49:25.893 DEBUG 9606 --- [http-nio-8085-exec-5] o.s.s.w.a.AnonymousAuthenticationFilter  : Set SecurityContextHolder to anonymous SecurityContext
2023-01-11 16:49:25.894 DEBUG 9606 --- [http-nio-8085-exec-5] o.s.s.w.a.i.FilterSecurityInterceptor    : Authorized filter invocation [GET /webjars/springfox-swagger-ui/swagger-ui-standalone-preset.js?v=2.8.0-SNAPSHOT] with attributes [permitAll]
2023-01-11 16:49:25.894 DEBUG 9606 --- [http-nio-8085-exec-5] o.s.security.web.FilterChainProxy        : Secured GET /webjars/springfox-swagger-ui/swagger-ui-standalone-preset.js?v=2.8.0-SNAPSHOT
2023-01-11 16:49:25.890 DEBUG 9606 --- [http-nio-8085-exec-4] o.s.security.web.FilterChainProxy        : Securing GET /webjars/springfox-swagger-ui/swagger-ui-bundle.js?v=2.8.0-SNAPSHOT
2023-01-11 16:49:25.895 DEBUG 9606 --- [http-nio-8085-exec-6] o.s.s.w.a.AnonymousAuthenticationFilter  : Set SecurityContextHolder to anonymous SecurityContext
2023-01-11 16:49:25.896 DEBUG 9606 --- [http-nio-8085-exec-3] o.s.s.w.a.AnonymousAuthenticationFilter  : Set SecurityContextHolder to anonymous SecurityContext
2023-01-11 16:49:25.895 DEBUG 9606 --- [http-nio-8085-exec-4] s.s.w.c.SecurityContextPersistenceFilter : Set SecurityContextHolder to empty SecurityContext
2023-01-11 16:49:25.896 DEBUG 9606 --- [http-nio-8085-exec-3] o.s.s.w.a.i.FilterSecurityInterceptor    : Authorized filter invocation [GET /webjars/springfox-swagger-ui/swagger-ui.css?v=2.8.0-SNAPSHOT] with attributes [permitAll]
2023-01-11 16:49:25.896 DEBUG 9606 --- [http-nio-8085-exec-6] o.s.s.w.a.i.FilterSecurityInterceptor    : Authorized filter invocation [GET /webjars/springfox-swagger-ui/springfox.js?v=2.8.0-SNAPSHOT] with attributes [permitAll]
2023-01-11 16:49:25.896 DEBUG 9606 --- [http-nio-8085-exec-3] o.s.security.web.FilterChainProxy        : Secured GET /webjars/springfox-swagger-ui/swagger-ui.css?v=2.8.0-SNAPSHOT
2023-01-11 16:49:25.896 DEBUG 9606 --- [http-nio-8085-exec-6] o.s.security.web.FilterChainProxy        : Secured GET /webjars/springfox-swagger-ui/springfox.js?v=2.8.0-SNAPSHOT
2023-01-11 16:49:25.897 DEBUG 9606 --- [http-nio-8085-exec-4] o.s.s.w.a.AnonymousAuthenticationFilter  : Set SecurityContextHolder to anonymous SecurityContext
2023-01-11 16:49:25.920 DEBUG 9606 --- [http-nio-8085-exec-4] o.s.s.w.a.i.FilterSecurityInterceptor    : Authorized filter invocation [GET /webjars/springfox-swagger-ui/swagger-ui-bundle.js?v=2.8.0-SNAPSHOT] with attributes [permitAll]
2023-01-11 16:49:25.921 DEBUG 9606 --- [http-nio-8085-exec-4] o.s.security.web.FilterChainProxy        : Secured GET /webjars/springfox-swagger-ui/swagger-ui-bundle.js?v=2.8.0-SNAPSHOT
2023-01-11 16:49:25.923 DEBUG 9606 --- [http-nio-8085-exec-6] s.s.w.c.SecurityContextPersistenceFilter : Cleared SecurityContextHolder to complete request
2023-01-11 16:49:25.924 DEBUG 9606 --- [http-nio-8085-exec-3] s.s.w.c.SecurityContextPersistenceFilter : Cleared SecurityContextHolder to complete request
2023-01-11 16:49:25.928 DEBUG 9606 --- [http-nio-8085-exec-5] s.s.w.c.SecurityContextPersistenceFilter : Cleared SecurityContextHolder to complete request
2023-01-11 16:49:25.942 DEBUG 9606 --- [http-nio-8085-exec-4] s.s.w.c.SecurityContextPersistenceFilter : Cleared SecurityContextHolder to complete request
2023-01-11 16:49:26.049 DEBUG 9606 --- [http-nio-8085-exec-7] o.s.security.web.FilterChainProxy        : Securing GET /swagger-resources/configuration/ui
2023-01-11 16:49:26.049 DEBUG 9606 --- [http-nio-8085-exec-7] s.s.w.c.SecurityContextPersistenceFilter : Set SecurityContextHolder to empty SecurityContext
2023-01-11 16:49:26.050 DEBUG 9606 --- [http-nio-8085-exec-7] o.s.s.w.a.AnonymousAuthenticationFilter  : Set SecurityContextHolder to anonymous SecurityContext
2023-01-11 16:49:26.050 DEBUG 9606 --- [http-nio-8085-exec-7] o.s.s.w.a.i.FilterSecurityInterceptor    : Authorized filter invocation [GET /swagger-resources/configuration/ui] with attributes [permitAll]
2023-01-11 16:49:26.050 DEBUG 9606 --- [http-nio-8085-exec-7] o.s.security.web.FilterChainProxy        : Secured GET /swagger-resources/configuration/ui
2023-01-11 16:49:26.090 DEBUG 9606 --- [http-nio-8085-exec-7] s.s.w.c.SecurityContextPersistenceFilter : Cleared SecurityContextHolder to complete request
2023-01-11 16:49:26.094 DEBUG 9606 --- [http-nio-8085-exec-8] o.s.security.web.FilterChainProxy        : Securing GET /swagger-resources/configuration/security
2023-01-11 16:49:26.094 DEBUG 9606 --- [http-nio-8085-exec-8] s.s.w.c.SecurityContextPersistenceFilter : Set SecurityContextHolder to empty SecurityContext
2023-01-11 16:49:26.094 DEBUG 9606 --- [http-nio-8085-exec-8] o.s.s.w.a.AnonymousAuthenticationFilter  : Set SecurityContextHolder to anonymous SecurityContext
2023-01-11 16:49:26.095 DEBUG 9606 --- [http-nio-8085-exec-8] o.s.s.w.a.i.FilterSecurityInterceptor    : Authorized filter invocation [GET /swagger-resources/configuration/security] with attributes [permitAll]
2023-01-11 16:49:26.095 DEBUG 9606 --- [http-nio-8085-exec-8] o.s.security.web.FilterChainProxy        : Secured GET /swagger-resources/configuration/security
2023-01-11 16:49:26.098 DEBUG 9606 --- [http-nio-8085-exec-8] s.s.w.c.SecurityContextPersistenceFilter : Cleared SecurityContextHolder to complete request
2023-01-11 16:49:26.102 DEBUG 9606 --- [http-nio-8085-exec-9] o.s.security.web.FilterChainProxy        : Securing GET /swagger-resources
2023-01-11 16:49:26.102 DEBUG 9606 --- [http-nio-8085-exec-9] s.s.w.c.SecurityContextPersistenceFilter : Set SecurityContextHolder to empty SecurityContext
2023-01-11 16:49:26.102 DEBUG 9606 --- [http-nio-8085-exec-9] o.s.s.w.a.AnonymousAuthenticationFilter  : Set SecurityContextHolder to anonymous SecurityContext
2023-01-11 16:49:26.103 DEBUG 9606 --- [http-nio-8085-exec-9] o.s.s.w.a.i.FilterSecurityInterceptor    : Authorized filter invocation [GET /swagger-resources] with attributes [permitAll]
2023-01-11 16:49:26.103 DEBUG 9606 --- [http-nio-8085-exec-9] o.s.security.web.FilterChainProxy        : Secured GET /swagger-resources
2023-01-11 16:49:26.106 DEBUG 9606 --- [http-nio-8085-exec-9] s.s.w.c.SecurityContextPersistenceFilter : Cleared SecurityContextHolder to complete request
2023-01-11 16:49:26.127 DEBUG 9606 --- [http-nio-8085-exec-10] o.s.security.web.FilterChainProxy        : Securing GET /v2/api-docs
2023-01-11 16:49:26.127 DEBUG 9606 --- [http-nio-8085-exec-10] s.s.w.c.SecurityContextPersistenceFilter : Set SecurityContextHolder to empty SecurityContext
2023-01-11 16:49:26.128 DEBUG 9606 --- [http-nio-8085-exec-10] o.s.s.w.a.AnonymousAuthenticationFilter  : Set SecurityContextHolder to anonymous SecurityContext
2023-01-11 16:49:26.128 DEBUG 9606 --- [http-nio-8085-exec-10] o.s.s.w.a.i.FilterSecurityInterceptor    : Authorized filter invocation [GET /v2/api-docs] with attributes [permitAll]
2023-01-11 16:49:26.128 DEBUG 9606 --- [http-nio-8085-exec-10] o.s.security.web.FilterChainProxy        : Secured GET /v2/api-docs
2023-01-11 16:49:26.165 DEBUG 9606 --- [http-nio-8085-exec-1] o.s.security.web.FilterChainProxy        : Securing GET /webjars/springfox-swagger-ui/fonts/titillium-web-v6-latin-700.woff2
2023-01-11 16:49:26.166 DEBUG 9606 --- [http-nio-8085-exec-1] s.s.w.c.SecurityContextPersistenceFilter : Set SecurityContextHolder to empty SecurityContext
2023-01-11 16:49:26.167 DEBUG 9606 --- [http-nio-8085-exec-1] o.s.s.w.a.AnonymousAuthenticationFilter  : Set SecurityContextHolder to anonymous SecurityContext
2023-01-11 16:49:26.168 DEBUG 9606 --- [http-nio-8085-exec-1] o.s.s.w.a.i.FilterSecurityInterceptor    : Authorized filter invocation [GET /webjars/springfox-swagger-ui/fonts/titillium-web-v6-latin-700.woff2] with attributes [permitAll]
2023-01-11 16:49:26.168 DEBUG 9606 --- [http-nio-8085-exec-1] o.s.security.web.FilterChainProxy        : Secured GET /webjars/springfox-swagger-ui/fonts/titillium-web-v6-latin-700.woff2
2023-01-11 16:49:26.172 DEBUG 9606 --- [http-nio-8085-exec-1] s.s.w.c.SecurityContextPersistenceFilter : Cleared SecurityContextHolder to complete request
2023-01-11 16:49:26.237 DEBUG 9606 --- [http-nio-8085-exec-10] s.s.w.c.SecurityContextPersistenceFilter : Cleared SecurityContextHolder to complete request
2023-01-11 16:49:26.347 DEBUG 9606 --- [http-nio-8085-exec-2] o.s.security.web.FilterChainProxy        : Securing GET /webjars/springfox-swagger-ui/fonts/open-sans-v15-latin-700.woff2
2023-01-11 16:49:26.347 DEBUG 9606 --- [http-nio-8085-exec-2] s.s.w.c.SecurityContextPersistenceFilter : Set SecurityContextHolder to empty SecurityContext
2023-01-11 16:49:26.347 DEBUG 9606 --- [http-nio-8085-exec-6] o.s.security.web.FilterChainProxy        : Securing GET /webjars/springfox-swagger-ui/fonts/source-code-pro-v7-latin-300.woff2
2023-01-11 16:49:26.347 DEBUG 9606 --- [http-nio-8085-exec-3] o.s.security.web.FilterChainProxy        : Securing GET /webjars/springfox-swagger-ui/fonts/open-sans-v15-latin-regular.woff2
2023-01-11 16:49:26.347 DEBUG 9606 --- [http-nio-8085-exec-6] s.s.w.c.SecurityContextPersistenceFilter : Set SecurityContextHolder to empty SecurityContext
2023-01-11 16:49:26.347 DEBUG 9606 --- [http-nio-8085-exec-3] s.s.w.c.SecurityContextPersistenceFilter : Set SecurityContextHolder to empty SecurityContext
2023-01-11 16:49:26.348 DEBUG 9606 --- [http-nio-8085-exec-3] o.s.s.w.a.AnonymousAuthenticationFilter  : Set SecurityContextHolder to anonymous SecurityContext
2023-01-11 16:49:26.348 DEBUG 9606 --- [http-nio-8085-exec-6] o.s.s.w.a.AnonymousAuthenticationFilter  : Set SecurityContextHolder to anonymous SecurityContext
2023-01-11 16:49:26.348 DEBUG 9606 --- [http-nio-8085-exec-2] o.s.s.w.a.AnonymousAuthenticationFilter  : Set SecurityContextHolder to anonymous SecurityContext
2023-01-11 16:49:26.348 DEBUG 9606 --- [http-nio-8085-exec-3] o.s.s.w.a.i.FilterSecurityInterceptor    : Authorized filter invocation [GET /webjars/springfox-swagger-ui/fonts/open-sans-v15-latin-regular.woff2] with attributes [permitAll]
2023-01-11 16:49:26.348 DEBUG 9606 --- [http-nio-8085-exec-6] o.s.s.w.a.i.FilterSecurityInterceptor    : Authorized filter invocation [GET /webjars/springfox-swagger-ui/fonts/source-code-pro-v7-latin-300.woff2] with attributes [permitAll]
2023-01-11 16:49:26.348 DEBUG 9606 --- [http-nio-8085-exec-2] o.s.s.w.a.i.FilterSecurityInterceptor    : Authorized filter invocation [GET /webjars/springfox-swagger-ui/fonts/open-sans-v15-latin-700.woff2] with attributes [permitAll]
2023-01-11 16:49:26.348 DEBUG 9606 --- [http-nio-8085-exec-3] o.s.security.web.FilterChainProxy        : Secured GET /webjars/springfox-swagger-ui/fonts/open-sans-v15-latin-regular.woff2
2023-01-11 16:49:26.348 DEBUG 9606 --- [http-nio-8085-exec-6] o.s.security.web.FilterChainProxy        : Secured GET /webjars/springfox-swagger-ui/fonts/source-code-pro-v7-latin-300.woff2
2023-01-11 16:49:26.348 DEBUG 9606 --- [http-nio-8085-exec-2] o.s.security.web.FilterChainProxy        : Secured GET /webjars/springfox-swagger-ui/fonts/open-sans-v15-latin-700.woff2
2023-01-11 16:49:26.361 DEBUG 9606 --- [http-nio-8085-exec-6] s.s.w.c.SecurityContextPersistenceFilter : Cleared SecurityContextHolder to complete request
2023-01-11 16:49:26.361 DEBUG 9606 --- [http-nio-8085-exec-2] s.s.w.c.SecurityContextPersistenceFilter : Cleared SecurityContextHolder to complete request
2023-01-11 16:49:26.361 DEBUG 9606 --- [http-nio-8085-exec-3] s.s.w.c.SecurityContextPersistenceFilter : Cleared SecurityContextHolder to complete request
2023-01-11 16:49:29.923 DEBUG 9606 --- [http-nio-8085-exec-5] o.s.security.web.FilterChainProxy        : Securing GET /webjars/springfox-swagger-ui/fonts/source-code-pro-v7-latin-600.woff2
2023-01-11 16:49:29.924 DEBUG 9606 --- [http-nio-8085-exec-5] s.s.w.c.SecurityContextPersistenceFilter : Set SecurityContextHolder to empty SecurityContext
2023-01-11 16:49:29.925 DEBUG 9606 --- [http-nio-8085-exec-5] o.s.s.w.a.AnonymousAuthenticationFilter  : Set SecurityContextHolder to anonymous SecurityContext
2023-01-11 16:49:29.926 DEBUG 9606 --- [http-nio-8085-exec-5] o.s.s.w.a.i.FilterSecurityInterceptor    : Authorized filter invocation [GET /webjars/springfox-swagger-ui/fonts/source-code-pro-v7-latin-600.woff2] with attributes [permitAll]
2023-01-11 16:49:29.926 DEBUG 9606 --- [http-nio-8085-exec-5] o.s.security.web.FilterChainProxy        : Secured GET /webjars/springfox-swagger-ui/fonts/source-code-pro-v7-latin-600.woff2
2023-01-11 16:49:29.929 DEBUG 9606 --- [http-nio-8085-exec-5] s.s.w.c.SecurityContextPersistenceFilter : Cleared SecurityContextHolder to complete request
2023-01-11 16:51:24.055 DEBUG 9606 --- [http-nio-8085-exec-10] o.s.security.web.FilterChainProxy        : Securing GET /webjars/springfox-swagger-ui/fonts/titillium-web-v6-latin-regular.woff2
2023-01-11 16:51:24.055 DEBUG 9606 --- [http-nio-8085-exec-10] s.s.w.c.SecurityContextPersistenceFilter : Set SecurityContextHolder to empty SecurityContext
2023-01-11 16:51:24.056 DEBUG 9606 --- [http-nio-8085-exec-10] o.s.s.w.a.AnonymousAuthenticationFilter  : Set SecurityContextHolder to anonymous SecurityContext
2023-01-11 16:51:24.057 DEBUG 9606 --- [http-nio-8085-exec-10] o.s.s.w.a.i.FilterSecurityInterceptor    : Authorized filter invocation [GET /webjars/springfox-swagger-ui/fonts/titillium-web-v6-latin-regular.woff2] with attributes [permitAll]
2023-01-11 16:51:24.057 DEBUG 9606 --- [http-nio-8085-exec-10] o.s.security.web.FilterChainProxy        : Secured GET /webjars/springfox-swagger-ui/fonts/titillium-web-v6-latin-regular.woff2
2023-01-11 16:51:24.060 DEBUG 9606 --- [http-nio-8085-exec-10] s.s.w.c.SecurityContextPersistenceFilter : Cleared SecurityContextHolder to complete request
2023-01-11 16:53:44.538 DEBUG 9606 --- [http-nio-8085-exec-2] o.s.security.web.FilterChainProxy        : Securing POST /api/cliente
2023-01-11 16:53:44.538 DEBUG 9606 --- [http-nio-8085-exec-2] s.s.w.c.SecurityContextPersistenceFilter : Set SecurityContextHolder to empty SecurityContext
2023-01-11 16:53:44.539 DEBUG 9606 --- [http-nio-8085-exec-2] o.s.s.w.a.AnonymousAuthenticationFilter  : Set SecurityContextHolder to anonymous SecurityContext
2023-01-11 16:53:44.539 DEBUG 9606 --- [http-nio-8085-exec-2] o.s.s.w.a.i.FilterSecurityInterceptor    : Authorized filter invocation [POST /api/cliente] with attributes [permitAll]
2023-01-11 16:53:44.539 DEBUG 9606 --- [http-nio-8085-exec-2] o.s.security.web.FilterChainProxy        : Secured POST /api/cliente
2023-01-11 16:53:44.601  WARN 9606 --- [http-nio-8085-exec-2] .w.s.m.s.DefaultHandlerExceptionResolver : Resolved [org.springframework.web.bind.MethodArgumentNotValidException: Validation failed for argument [0] in public org.springframework.http.ResponseEntity<br.com.ifpe.oxefood.modelo.cliente.Cliente> br.com.ifpe.oxefood.servicos.cliente.ClienteController.save(br.com.ifpe.oxefood.servicos.cliente.ClienteRequest): [Field error in object 'clienteRequest' on field 'email': rejected value [matheus]; codes [Email.clienteRequest.email,Email.email,Email.java.lang.String,Email]; arguments [org.springframework.context.support.DefaultMessageSourceResolvable: codes [clienteRequest.email,email]; arguments []; default message [email],[Ljavax.validation.constraints.Pattern$Flag;@69a4d59,.*]; default message [deve ser um endereço de e-mail bem formado]] ]
2023-01-11 16:53:44.601 DEBUG 9606 --- [http-nio-8085-exec-2] s.s.w.c.SecurityContextPersistenceFilter : Cleared SecurityContextHolder to complete request
2023-01-11 16:53:44.603 DEBUG 9606 --- [http-nio-8085-exec-2] o.s.security.web.FilterChainProxy        : Securing POST /error
2023-01-11 16:53:44.603 DEBUG 9606 --- [http-nio-8085-exec-2] s.s.w.c.SecurityContextPersistenceFilter : Set SecurityContextHolder to empty SecurityContext
2023-01-11 16:53:44.603 DEBUG 9606 --- [http-nio-8085-exec-2] o.s.s.w.a.AnonymousAuthenticationFilter  : Set SecurityContextHolder to anonymous SecurityContext
2023-01-11 16:53:44.603 DEBUG 9606 --- [http-nio-8085-exec-2] o.s.security.web.FilterChainProxy        : Secured POST /error
2023-01-11 16:53:44.623 DEBUG 9606 --- [http-nio-8085-exec-2] s.s.w.c.SecurityContextPersistenceFilter : Cleared SecurityContextHolder to complete request
2023-01-11 16:55:38.251 DEBUG 9606 --- [http-nio-8085-exec-3] o.s.security.web.FilterChainProxy        : Securing POST /api/cliente
2023-01-11 16:55:38.261 DEBUG 9606 --- [http-nio-8085-exec-3] s.s.w.c.SecurityContextPersistenceFilter : Set SecurityContextHolder to empty SecurityContext
2023-01-11 16:55:38.262 DEBUG 9606 --- [http-nio-8085-exec-3] o.s.s.w.a.AnonymousAuthenticationFilter  : Set SecurityContextHolder to anonymous SecurityContext
2023-01-11 16:55:38.262 DEBUG 9606 --- [http-nio-8085-exec-3] o.s.s.w.a.i.FilterSecurityInterceptor    : Authorized filter invocation [POST /api/cliente] with attributes [permitAll]
2023-01-11 16:55:38.262 DEBUG 9606 --- [http-nio-8085-exec-3] o.s.security.web.FilterChainProxy        : Secured POST /api/cliente
2023-01-11 16:55:39.551  WARN 9606 --- [http-nio-8085-exec-3] o.h.engine.jdbc.spi.SqlExceptionHelper   : SQL Error: 0, SQLState: 23502
2023-01-11 16:55:39.551 ERROR 9606 --- [http-nio-8085-exec-3] o.h.engine.jdbc.spi.SqlExceptionHelper   : ERROR: null value in column "chave_empresa" of relation "cliente" violates not-null constraint
  Detalhe: Failing row contains (50, t, null, 2023-01-11, 2023-01-11, null, 1, 81912345678, Matheus, https://matheuscruzmoura.github.io/profile-component/assets/perf..., Cruz, null, null, null, null, null, null, null, 49, null, null).
2023-01-11 16:55:39.552  INFO 9606 --- [http-nio-8085-exec-3] o.h.e.j.b.internal.AbstractBatchImpl     : HHH000010: On release of batch it still contained JDBC statements
2023-01-11 16:55:39.763 DEBUG 9606 --- [http-nio-8085-exec-3] s.s.w.c.SecurityContextPersistenceFilter : Cleared SecurityContextHolder to complete request
2023-01-11 16:55:39.778 ERROR 9606 --- [http-nio-8085-exec-3] o.a.c.c.C.[.[.[/].[dispatcherServlet]    : Servlet.service() for servlet [dispatcherServlet] in context with path [] threw exception [Request processing failed; nested exception is org.springframework.dao.DataIntegrityViolationException: could not execute statement; SQL [n/a]; constraint [chave_empresa" of relation "cliente]; nested exception is org.hibernate.exception.ConstraintViolationException: could not execute statement] with root cause

org.postgresql.util.PSQLException: ERROR: null value in column "chave_empresa" of relation "cliente" violates not-null constraint
  Detalhe: Failing row contains (50, t, null, 2023-01-11, 2023-01-11, null, 1, 81912345678, Matheus, https://matheuscruzmoura.github.io/profile-component/assets/perf..., Cruz, null, null, null, null, null, null, null, 49, null, null).
	at org.postgresql.core.v3.QueryExecutorImpl.receiveErrorResponse(QueryExecutorImpl.java:2675) ~[postgresql-42.3.7.jar:42.3.7]
	at org.postgresql.core.v3.QueryExecutorImpl.processResults(QueryExecutorImpl.java:2365) ~[postgresql-42.3.7.jar:42.3.7]
	at org.postgresql.core.v3.QueryExecutorImpl.execute(QueryExecutorImpl.java:355) ~[postgresql-42.3.7.jar:42.3.7]
	at org.postgresql.jdbc.PgStatement.executeInternal(PgStatement.java:490) ~[postgresql-42.3.7.jar:42.3.7]
	at org.postgresql.jdbc.PgStatement.execute(PgStatement.java:408) ~[postgresql-42.3.7.jar:42.3.7]
	at org.postgresql.jdbc.PgPreparedStatement.executeWithFlags(PgPreparedStatement.java:167) ~[postgresql-42.3.7.jar:42.3.7]
	at org.postgresql.jdbc.PgPreparedStatement.executeUpdate(PgPreparedStatement.java:135) ~[postgresql-42.3.7.jar:42.3.7]
	at com.zaxxer.hikari.pool.ProxyPreparedStatement.executeUpdate(ProxyPreparedStatement.java:61) ~[HikariCP-4.0.3.jar:na]
	at com.zaxxer.hikari.pool.HikariProxyPreparedStatement.executeUpdate(HikariProxyPreparedStatement.java) ~[HikariCP-4.0.3.jar:na]
	at org.hibernate.engine.jdbc.internal.ResultSetReturnImpl.executeUpdate(ResultSetReturnImpl.java:197) ~[hibernate-core-5.6.11.Final.jar:5.6.11.Final]
	at org.hibernate.engine.jdbc.batch.internal.NonBatchingBatch.addToBatch(NonBatchingBatch.java:46) ~[hibernate-core-5.6.11.Final.jar:5.6.11.Final]
	at org.hibernate.persister.entity.AbstractEntityPersister.insert(AbstractEntityPersister.java:3375) ~[hibernate-core-5.6.11.Final.jar:5.6.11.Final]
	at org.hibernate.persister.entity.AbstractEntityPersister.insert(AbstractEntityPersister.java:3908) ~[hibernate-core-5.6.11.Final.jar:5.6.11.Final]
	at org.hibernate.action.internal.EntityInsertAction.execute(EntityInsertAction.java:107) ~[hibernate-core-5.6.11.Final.jar:5.6.11.Final]
	at org.hibernate.engine.spi.ActionQueue.executeActions(ActionQueue.java:604) ~[hibernate-core-5.6.11.Final.jar:5.6.11.Final]
	at org.hibernate.engine.spi.ActionQueue.lambda$executeActions$1(ActionQueue.java:478) ~[hibernate-core-5.6.11.Final.jar:5.6.11.Final]
	at java.base/java.util.LinkedHashMap.forEach(LinkedHashMap.java:684) ~[na:na]
	at org.hibernate.engine.spi.ActionQueue.executeActions(ActionQueue.java:475) ~[hibernate-core-5.6.11.Final.jar:5.6.11.Final]
	at org.hibernate.event.internal.AbstractFlushingEventListener.performExecutions(AbstractFlushingEventListener.java:344) ~[hibernate-core-5.6.11.Final.jar:5.6.11.Final]
	at org.hibernate.event.internal.DefaultFlushEventListener.onFlush(DefaultFlushEventListener.java:40) ~[hibernate-core-5.6.11.Final.jar:5.6.11.Final]
	at org.hibernate.event.service.internal.EventListenerGroupImpl.fireEventOnEachListener(EventListenerGroupImpl.java:107) ~[hibernate-core-5.6.11.Final.jar:5.6.11.Final]
	at org.hibernate.internal.SessionImpl.doFlush(SessionImpl.java:1407) ~[hibernate-core-5.6.11.Final.jar:5.6.11.Final]
	at org.hibernate.internal.SessionImpl.managedFlush(SessionImpl.java:489) ~[hibernate-core-5.6.11.Final.jar:5.6.11.Final]
	at org.hibernate.internal.SessionImpl.flushBeforeTransactionCompletion(SessionImpl.java:3290) ~[hibernate-core-5.6.11.Final.jar:5.6.11.Final]
	at org.hibernate.internal.SessionImpl.beforeTransactionCompletion(SessionImpl.java:2425) ~[hibernate-core-5.6.11.Final.jar:5.6.11.Final]
	at org.hibernate.engine.jdbc.internal.JdbcCoordinatorImpl.beforeTransactionCompletion(JdbcCoordinatorImpl.java:449) ~[hibernate-core-5.6.11.Final.jar:5.6.11.Final]
	at org.hibernate.resource.transaction.backend.jdbc.internal.JdbcResourceLocalTransactionCoordinatorImpl.beforeCompletionCallback(JdbcResourceLocalTransactionCoordinatorImpl.java:183) ~[hibernate-core-5.6.11.Final.jar:5.6.11.Final]
	at org.hibernate.resource.transaction.backend.jdbc.internal.JdbcResourceLocalTransactionCoordinatorImpl.access$300(JdbcResourceLocalTransactionCoordinatorImpl.java:40) ~[hibernate-core-5.6.11.Final.jar:5.6.11.Final]
	at org.hibernate.resource.transaction.backend.jdbc.internal.JdbcResourceLocalTransactionCoordinatorImpl$TransactionDriverControlImpl.commit(JdbcResourceLocalTransactionCoordinatorImpl.java:281) ~[hibernate-core-5.6.11.Final.jar:5.6.11.Final]
	at org.hibernate.engine.transaction.internal.TransactionImpl.commit(TransactionImpl.java:101) ~[hibernate-core-5.6.11.Final.jar:5.6.11.Final]
	at org.springframework.orm.jpa.JpaTransactionManager.doCommit(JpaTransactionManager.java:562) ~[spring-orm-5.3.23.jar:5.3.23]
	at org.springframework.transaction.support.AbstractPlatformTransactionManager.processCommit(AbstractPlatformTransactionManager.java:743) ~[spring-tx-5.3.23.jar:5.3.23]
	at org.springframework.transaction.support.AbstractPlatformTransactionManager.commit(AbstractPlatformTransactionManager.java:711) ~[spring-tx-5.3.23.jar:5.3.23]
	at org.springframework.transaction.interceptor.TransactionAspectSupport.commitTransactionAfterReturning(TransactionAspectSupport.java:654) ~[spring-tx-5.3.23.jar:5.3.23]
	at org.springframework.transaction.interceptor.TransactionAspectSupport.invokeWithinTransaction(TransactionAspectSupport.java:407) ~[spring-tx-5.3.23.jar:5.3.23]
	at org.springframework.transaction.interceptor.TransactionInterceptor.invoke(TransactionInterceptor.java:119) ~[spring-tx-5.3.23.jar:5.3.23]
	at org.springframework.aop.framework.ReflectiveMethodInvocation.proceed(ReflectiveMethodInvocation.java:186) ~[spring-aop-5.3.23.jar:5.3.23]
	at org.springframework.aop.framework.CglibAopProxy$CglibMethodInvocation.proceed(CglibAopProxy.java:763) ~[spring-aop-5.3.23.jar:5.3.23]
	at org.springframework.aop.framework.CglibAopProxy$DynamicAdvisedInterceptor.intercept(CglibAopProxy.java:708) ~[spring-aop-5.3.23.jar:5.3.23]
	at br.com.ifpe.oxefood.modelo.cliente.ClienteService$$EnhancerBySpringCGLIB$$fa6e1117.save(<generated>) ~[classes/:na]
	at br.com.ifpe.oxefood.servicos.cliente.ClienteController.save(ClienteController.java:35) ~[classes/:na]
	at java.base/jdk.internal.reflect.NativeMethodAccessorImpl.invoke0(Native Method) ~[na:na]
	at java.base/jdk.internal.reflect.NativeMethodAccessorImpl.invoke(NativeMethodAccessorImpl.java:62) ~[na:na]
	at java.base/jdk.internal.reflect.DelegatingMethodAccessorImpl.invoke(DelegatingMethodAccessorImpl.java:43) ~[na:na]
	at java.base/java.lang.reflect.Method.invoke(Method.java:566) ~[na:na]
	at org.springframework.web.method.support.InvocableHandlerMethod.doInvoke(InvocableHandlerMethod.java:205) ~[spring-web-5.3.23.jar:5.3.23]
	at org.springframework.web.method.support.InvocableHandlerMethod.invokeForRequest(InvocableHandlerMethod.java:150) ~[spring-web-5.3.23.jar:5.3.23]
	at org.springframework.web.servlet.mvc.method.annotation.ServletInvocableHandlerMethod.invokeAndHandle(ServletInvocableHandlerMethod.java:117) ~[spring-webmvc-5.3.23.jar:5.3.23]
	at org.springframework.web.servlet.mvc.method.annotation.RequestMappingHandlerAdapter.invokeHandlerMethod(RequestMappingHandlerAdapter.java:895) ~[spring-webmvc-5.3.23.jar:5.3.23]
	at org.springframework.web.servlet.mvc.method.annotation.RequestMappingHandlerAdapter.handleInternal(RequestMappingHandlerAdapter.java:808) ~[spring-webmvc-5.3.23.jar:5.3.23]
	at org.springframework.web.servlet.mvc.method.AbstractHandlerMethodAdapter.handle(AbstractHandlerMethodAdapter.java:87) ~[spring-webmvc-5.3.23.jar:5.3.23]
	at org.springframework.web.servlet.DispatcherServlet.doDispatch(DispatcherServlet.java:1071) ~[spring-webmvc-5.3.23.jar:5.3.23]
	at org.springframework.web.servlet.DispatcherServlet.doService(DispatcherServlet.java:964) ~[spring-webmvc-5.3.23.jar:5.3.23]
	at org.springframework.web.servlet.FrameworkServlet.processRequest(FrameworkServlet.java:1006) ~[spring-webmvc-5.3.23.jar:5.3.23]
	at org.springframework.web.servlet.FrameworkServlet.doPost(FrameworkServlet.java:909) ~[spring-webmvc-5.3.23.jar:5.3.23]
	at javax.servlet.http.HttpServlet.service(HttpServlet.java:681) ~[tomcat-embed-core-9.0.65.jar:4.0.FR]
	at org.springframework.web.servlet.FrameworkServlet.service(FrameworkServlet.java:883) ~[spring-webmvc-5.3.23.jar:5.3.23]
	at javax.servlet.http.HttpServlet.service(HttpServlet.java:764) ~[tomcat-embed-core-9.0.65.jar:4.0.FR]
	at org.apache.catalina.core.ApplicationFilterChain.internalDoFilter(ApplicationFilterChain.java:227) ~[tomcat-embed-core-9.0.65.jar:9.0.65]
	at org.apache.catalina.core.ApplicationFilterChain.doFilter(ApplicationFilterChain.java:162) ~[tomcat-embed-core-9.0.65.jar:9.0.65]
	at org.apache.tomcat.websocket.server.WsFilter.doFilter(WsFilter.java:53) ~[tomcat-embed-websocket-9.0.65.jar:9.0.65]
	at org.apache.catalina.core.ApplicationFilterChain.internalDoFilter(ApplicationFilterChain.java:189) ~[tomcat-embed-core-9.0.65.jar:9.0.65]
	at org.apache.catalina.core.ApplicationFilterChain.doFilter(ApplicationFilterChain.java:162) ~[tomcat-embed-core-9.0.65.jar:9.0.65]
	at org.springframework.security.web.FilterChainProxy$VirtualFilterChain.doFilter(FilterChainProxy.java:337) ~[spring-security-web-5.7.3.jar:5.7.3]
	at org.springframework.security.web.access.intercept.FilterSecurityInterceptor.invoke(FilterSecurityInterceptor.java:115) ~[spring-security-web-5.7.3.jar:5.7.3]
	at org.springframework.security.web.access.intercept.FilterSecurityInterceptor.doFilter(FilterSecurityInterceptor.java:81) ~[spring-security-web-5.7.3.jar:5.7.3]
	at org.springframework.security.web.FilterChainProxy$VirtualFilterChain.doFilter(FilterChainProxy.java:346) ~[spring-security-web-5.7.3.jar:5.7.3]
	at org.springframework.security.web.access.ExceptionTranslationFilter.doFilter(ExceptionTranslationFilter.java:122) ~[spring-security-web-5.7.3.jar:5.7.3]
	at org.springframework.security.web.access.ExceptionTranslationFilter.doFilter(ExceptionTranslationFilter.java:116) ~[spring-security-web-5.7.3.jar:5.7.3]
	at org.springframework.security.web.FilterChainProxy$VirtualFilterChain.doFilter(FilterChainProxy.java:346) ~[spring-security-web-5.7.3.jar:5.7.3]
	at org.springframework.security.web.session.SessionManagementFilter.doFilter(SessionManagementFilter.java:126) ~[spring-security-web-5.7.3.jar:5.7.3]
	at org.springframework.security.web.session.SessionManagementFilter.doFilter(SessionManagementFilter.java:81) ~[spring-security-web-5.7.3.jar:5.7.3]
	at org.springframework.security.web.FilterChainProxy$VirtualFilterChain.doFilter(FilterChainProxy.java:346) ~[spring-security-web-5.7.3.jar:5.7.3]
	at org.springframework.security.web.authentication.AnonymousAuthenticationFilter.doFilter(AnonymousAuthenticationFilter.java:109) ~[spring-security-web-5.7.3.jar:5.7.3]
	at org.springframework.security.web.FilterChainProxy$VirtualFilterChain.doFilter(FilterChainProxy.java:346) ~[spring-security-web-5.7.3.jar:5.7.3]
	at org.springframework.security.web.servletapi.SecurityContextHolderAwareRequestFilter.doFilter(SecurityContextHolderAwareRequestFilter.java:149) ~[spring-security-web-5.7.3.jar:5.7.3]
	at org.springframework.security.web.FilterChainProxy$VirtualFilterChain.doFilter(FilterChainProxy.java:346) ~[spring-security-web-5.7.3.jar:5.7.3]
	at org.springframework.security.web.savedrequest.RequestCacheAwareFilter.doFilter(RequestCacheAwareFilter.java:63) ~[spring-security-web-5.7.3.jar:5.7.3]
	at org.springframework.security.web.FilterChainProxy$VirtualFilterChain.doFilter(FilterChainProxy.java:346) ~[spring-security-web-5.7.3.jar:5.7.3]
	at br.com.ifpe.oxefood.security.jwt.JwtTokenAuthenticationFilter.doFilterInternal(JwtTokenAuthenticationFilter.java:37) ~[classes/:na]
	at org.springframework.web.filter.OncePerRequestFilter.doFilter(OncePerRequestFilter.java:117) ~[spring-web-5.3.23.jar:5.3.23]
	at org.springframework.security.web.FilterChainProxy$VirtualFilterChain.doFilter(FilterChainProxy.java:346) ~[spring-security-web-5.7.3.jar:5.7.3]
	at org.springframework.security.web.authentication.logout.LogoutFilter.doFilter(LogoutFilter.java:103) ~[spring-security-web-5.7.3.jar:5.7.3]
	at org.springframework.security.web.authentication.logout.LogoutFilter.doFilter(LogoutFilter.java:89) ~[spring-security-web-5.7.3.jar:5.7.3]
	at org.springframework.security.web.FilterChainProxy$VirtualFilterChain.doFilter(FilterChainProxy.java:346) ~[spring-security-web-5.7.3.jar:5.7.3]
	at org.springframework.web.filter.CorsFilter.doFilterInternal(CorsFilter.java:91) ~[spring-web-5.3.23.jar:5.3.23]
	at org.springframework.web.filter.OncePerRequestFilter.doFilter(OncePerRequestFilter.java:117) ~[spring-web-5.3.23.jar:5.3.23]
	at org.springframework.security.web.FilterChainProxy$VirtualFilterChain.doFilter(FilterChainProxy.java:346) ~[spring-security-web-5.7.3.jar:5.7.3]
	at org.springframework.security.web.header.HeaderWriterFilter.doHeadersAfter(HeaderWriterFilter.java:90) ~[spring-security-web-5.7.3.jar:5.7.3]
	at org.springframework.security.web.header.HeaderWriterFilter.doFilterInternal(HeaderWriterFilter.java:75) ~[spring-security-web-5.7.3.jar:5.7.3]
	at org.springframework.web.filter.OncePerRequestFilter.doFilter(OncePerRequestFilter.java:117) ~[spring-web-5.3.23.jar:5.3.23]
	at org.springframework.security.web.FilterChainProxy$VirtualFilterChain.doFilter(FilterChainProxy.java:346) ~[spring-security-web-5.7.3.jar:5.7.3]
	at org.springframework.security.web.context.SecurityContextPersistenceFilter.doFilter(SecurityContextPersistenceFilter.java:112) ~[spring-security-web-5.7.3.jar:5.7.3]
	at org.springframework.security.web.context.SecurityContextPersistenceFilter.doFilter(SecurityContextPersistenceFilter.java:82) ~[spring-security-web-5.7.3.jar:5.7.3]
	at org.springframework.security.web.FilterChainProxy$VirtualFilterChain.doFilter(FilterChainProxy.java:346) ~[spring-security-web-5.7.3.jar:5.7.3]
	at org.springframework.security.web.context.request.async.WebAsyncManagerIntegrationFilter.doFilterInternal(WebAsyncManagerIntegrationFilter.java:55) ~[spring-security-web-5.7.3.jar:5.7.3]
	at org.springframework.web.filter.OncePerRequestFilter.doFilter(OncePerRequestFilter.java:117) ~[spring-web-5.3.23.jar:5.3.23]
	at org.springframework.security.web.FilterChainProxy$VirtualFilterChain.doFilter(FilterChainProxy.java:346) ~[spring-security-web-5.7.3.jar:5.7.3]
	at org.springframework.security.web.session.DisableEncodeUrlFilter.doFilterInternal(DisableEncodeUrlFilter.java:42) ~[spring-security-web-5.7.3.jar:5.7.3]
	at org.springframework.web.filter.OncePerRequestFilter.doFilter(OncePerRequestFilter.java:117) ~[spring-web-5.3.23.jar:5.3.23]
	at org.springframework.security.web.FilterChainProxy$VirtualFilterChain.doFilter(FilterChainProxy.java:346) ~[spring-security-web-5.7.3.jar:5.7.3]
	at org.springframework.security.web.FilterChainProxy.doFilterInternal(FilterChainProxy.java:221) ~[spring-security-web-5.7.3.jar:5.7.3]
	at org.springframework.security.web.FilterChainProxy.doFilter(FilterChainProxy.java:186) ~[spring-security-web-5.7.3.jar:5.7.3]
	at org.springframework.web.filter.DelegatingFilterProxy.invokeDelegate(DelegatingFilterProxy.java:354) ~[spring-web-5.3.23.jar:5.3.23]
	at org.springframework.web.filter.DelegatingFilterProxy.doFilter(DelegatingFilterProxy.java:267) ~[spring-web-5.3.23.jar:5.3.23]
	at org.apache.catalina.core.ApplicationFilterChain.internalDoFilter(ApplicationFilterChain.java:189) ~[tomcat-embed-core-9.0.65.jar:9.0.65]
	at org.apache.catalina.core.ApplicationFilterChain.doFilter(ApplicationFilterChain.java:162) ~[tomcat-embed-core-9.0.65.jar:9.0.65]
	at org.springframework.web.filter.CharacterEncodingFilter.doFilterInternal(CharacterEncodingFilter.java:201) ~[spring-web-5.3.23.jar:5.3.23]
	at org.springframework.web.filter.OncePerRequestFilter.doFilter(OncePerRequestFilter.java:117) ~[spring-web-5.3.23.jar:5.3.23]
	at org.apache.catalina.core.ApplicationFilterChain.internalDoFilter(ApplicationFilterChain.java:189) ~[tomcat-embed-core-9.0.65.jar:9.0.65]
	at org.apache.catalina.core.ApplicationFilterChain.doFilter(ApplicationFilterChain.java:162) ~[tomcat-embed-core-9.0.65.jar:9.0.65]
	at org.apache.catalina.core.StandardWrapperValve.invoke(StandardWrapperValve.java:197) ~[tomcat-embed-core-9.0.65.jar:9.0.65]
	at org.apache.catalina.core.StandardContextValve.invoke(StandardContextValve.java:97) ~[tomcat-embed-core-9.0.65.jar:9.0.65]
	at org.apache.catalina.authenticator.AuthenticatorBase.invoke(AuthenticatorBase.java:541) ~[tomcat-embed-core-9.0.65.jar:9.0.65]
	at org.apache.catalina.core.StandardHostValve.invoke(StandardHostValve.java:135) ~[tomcat-embed-core-9.0.65.jar:9.0.65]
	at org.apache.catalina.valves.ErrorReportValve.invoke(ErrorReportValve.java:92) ~[tomcat-embed-core-9.0.65.jar:9.0.65]
	at org.apache.catalina.core.StandardEngineValve.invoke(StandardEngineValve.java:78) ~[tomcat-embed-core-9.0.65.jar:9.0.65]
	at org.apache.catalina.connector.CoyoteAdapter.service(CoyoteAdapter.java:360) ~[tomcat-embed-core-9.0.65.jar:9.0.65]
	at org.apache.coyote.http11.Http11Processor.service(Http11Processor.java:399) ~[tomcat-embed-core-9.0.65.jar:9.0.65]
	at org.apache.coyote.AbstractProcessorLight.process(AbstractProcessorLight.java:65) ~[tomcat-embed-core-9.0.65.jar:9.0.65]
	at org.apache.coyote.AbstractProtocol$ConnectionHandler.process(AbstractProtocol.java:890) ~[tomcat-embed-core-9.0.65.jar:9.0.65]
	at org.apache.tomcat.util.net.NioEndpoint$SocketProcessor.doRun(NioEndpoint.java:1789) ~[tomcat-embed-core-9.0.65.jar:9.0.65]
	at org.apache.tomcat.util.net.SocketProcessorBase.run(SocketProcessorBase.java:49) ~[tomcat-embed-core-9.0.65.jar:9.0.65]
	at org.apache.tomcat.util.threads.ThreadPoolExecutor.runWorker(ThreadPoolExecutor.java:1191) ~[tomcat-embed-core-9.0.65.jar:9.0.65]
	at org.apache.tomcat.util.threads.ThreadPoolExecutor$Worker.run(ThreadPoolExecutor.java:659) ~[tomcat-embed-core-9.0.65.jar:9.0.65]
	at org.apache.tomcat.util.threads.TaskThread$WrappingRunnable.run(TaskThread.java:61) ~[tomcat-embed-core-9.0.65.jar:9.0.65]
	at java.base/java.lang.Thread.run(Thread.java:829) ~[na:na]

2023-01-11 16:55:39.779 DEBUG 9606 --- [http-nio-8085-exec-3] o.s.security.web.FilterChainProxy        : Securing POST /error
2023-01-11 16:55:39.780 DEBUG 9606 --- [http-nio-8085-exec-3] s.s.w.c.SecurityContextPersistenceFilter : Set SecurityContextHolder to empty SecurityContext
2023-01-11 16:55:39.780 DEBUG 9606 --- [http-nio-8085-exec-3] o.s.s.w.a.AnonymousAuthenticationFilter  : Set SecurityContextHolder to anonymous SecurityContext
2023-01-11 16:55:39.780 DEBUG 9606 --- [http-nio-8085-exec-3] o.s.security.web.FilterChainProxy        : Secured POST /error
2023-01-11 16:55:39.785 DEBUG 9606 --- [http-nio-8085-exec-3] s.s.w.c.SecurityContextPersistenceFilter : Cleared SecurityContextHolder to complete request
2023-01-11 16:58:15.841  INFO 9606 --- [RMI TCP Connection(20)-127.0.0.1] inMXBeanRegistrar$SpringApplicationAdmin : Application shutdown requested.
2023-01-11 16:58:15.846  INFO 9606 --- [RMI TCP Connection(20)-127.0.0.1] o.apache.catalina.core.StandardService   : Stopping service [Tomcat]
2023-01-11 16:58:15.848  INFO 9606 --- [RMI TCP Connection(20)-127.0.0.1] o.a.c.c.C.[Tomcat].[localhost].[/]       : Destroying Spring FrameworkServlet 'dispatcherServlet'
2023-01-11 16:58:15.866  INFO 9606 --- [RMI TCP Connection(20)-127.0.0.1] j.LocalContainerEntityManagerFactoryBean : Closing JPA EntityManagerFactory for persistence unit 'default'
2023-01-11 16:58:15.880  INFO 9606 --- [RMI TCP Connection(20)-127.0.0.1] com.zaxxer.hikari.HikariDataSource       : HikariPool-1 - Shutdown initiated...
2023-01-11 16:58:15.888  INFO 9606 --- [RMI TCP Connection(20)-127.0.0.1] com.zaxxer.hikari.HikariDataSource       : HikariPool-1 - Shutdown completed.
2023-01-11 16:59:35.847  INFO 10448 --- [restartedMain] br.com.ifpe.oxefood.OxefoodApplication   : Starting OxefoodApplication using Java 11.0.17 on ubuntu-matheus with PID 10448 (/home/matheus/git/oxefood-backend/target/classes started by matheus in /home/matheus/git/oxefood-backend)
2023-01-11 16:59:35.848  INFO 10448 --- [restartedMain] br.com.ifpe.oxefood.OxefoodApplication   : No active profile set, falling back to 1 default profile: "default"
2023-01-11 16:59:35.898  INFO 10448 --- [restartedMain] .e.DevToolsPropertyDefaultsPostProcessor : Devtools property defaults active! Set 'spring.devtools.add-properties' to 'false' to disable
2023-01-11 16:59:35.899  INFO 10448 --- [restartedMain] .e.DevToolsPropertyDefaultsPostProcessor : For additional web related logging consider setting the 'logging.level.web' property to 'DEBUG'
2023-01-11 16:59:36.571  INFO 10448 --- [restartedMain] .s.d.r.c.RepositoryConfigurationDelegate : Bootstrapping Spring Data JPA repositories in DEFAULT mode.
2023-01-11 16:59:36.617  INFO 10448 --- [restartedMain] .s.d.r.c.RepositoryConfigurationDelegate : Finished Spring Data repository scanning in 40 ms. Found 8 JPA repository interfaces.
2023-01-11 16:59:37.136  INFO 10448 --- [restartedMain] o.s.b.w.embedded.tomcat.TomcatWebServer  : Tomcat initialized with port(s): 8085 (http)
2023-01-11 16:59:37.144  INFO 10448 --- [restartedMain] o.apache.catalina.core.StandardService   : Starting service [Tomcat]
2023-01-11 16:59:37.144  INFO 10448 --- [restartedMain] org.apache.catalina.core.StandardEngine  : Starting Servlet engine: [Apache Tomcat/9.0.65]
2023-01-11 16:59:37.193  INFO 10448 --- [restartedMain] o.a.c.c.C.[Tomcat].[localhost].[/]       : Initializing Spring embedded WebApplicationContext
2023-01-11 16:59:37.193  INFO 10448 --- [restartedMain] w.s.c.ServletWebServerApplicationContext : Root WebApplicationContext: initialization completed in 1293 ms
2023-01-11 16:59:37.228  INFO 10448 --- [restartedMain] com.zaxxer.hikari.HikariDataSource       : HikariPool-1 - Starting...
2023-01-11 16:59:40.119  INFO 10448 --- [restartedMain] com.zaxxer.hikari.HikariDataSource       : HikariPool-1 - Start completed.
2023-01-11 16:59:40.129  INFO 10448 --- [restartedMain] o.s.b.a.h2.H2ConsoleAutoConfiguration    : H2 console available at '/h2-console'. Database available at 'jdbc:postgresql://containers-us-west-181.railway.app:6912/railway'
2023-01-11 16:59:40.237  INFO 10448 --- [restartedMain] o.hibernate.jpa.internal.util.LogHelper  : HHH000204: Processing PersistenceUnitInfo [name: default]
2023-01-11 16:59:40.266  INFO 10448 --- [restartedMain] org.hibernate.Version                    : HHH000412: Hibernate ORM core version 5.6.11.Final
2023-01-11 16:59:40.352  INFO 10448 --- [restartedMain] o.hibernate.annotations.common.Version   : HCANN000001: Hibernate Commons Annotations {5.1.2.Final}
2023-01-11 16:59:40.414  INFO 10448 --- [restartedMain] org.hibernate.dialect.Dialect            : HHH000400: Using dialect: org.hibernate.dialect.PostgreSQLDialect
2023-01-11 16:59:45.022  INFO 10448 --- [restartedMain] o.h.e.t.j.p.i.JtaPlatformInitiator       : HHH000490: Using JtaPlatform implementation: [org.hibernate.engine.transaction.jta.platform.internal.NoJtaPlatform]
2023-01-11 16:59:45.037  INFO 10448 --- [restartedMain] j.LocalContainerEntityManagerFactoryBean : Initialized JPA EntityManagerFactory for persistence unit 'default'
2023-01-11 16:59:46.146 DEBUG 10448 --- [restartedMain] edFilterInvocationSecurityMetadataSource : Adding web access control expression [permitAll] for Ant [pattern='/swagger-resources/**']
2023-01-11 16:59:46.157 DEBUG 10448 --- [restartedMain] edFilterInvocationSecurityMetadataSource : Adding web access control expression [permitAll] for Ant [pattern='/swagger-ui.html']
2023-01-11 16:59:46.157 DEBUG 10448 --- [restartedMain] edFilterInvocationSecurityMetadataSource : Adding web access control expression [permitAll] for Ant [pattern='/swagger*/**']
2023-01-11 16:59:46.157 DEBUG 10448 --- [restartedMain] edFilterInvocationSecurityMetadataSource : Adding web access control expression [permitAll] for Ant [pattern='/v2/api-docs']
2023-01-11 16:59:46.157 DEBUG 10448 --- [restartedMain] edFilterInvocationSecurityMetadataSource : Adding web access control expression [permitAll] for Ant [pattern='/webjars/**']
2023-01-11 16:59:46.157 DEBUG 10448 --- [restartedMain] edFilterInvocationSecurityMetadataSource : Adding web access control expression [permitAll] for Ant [pattern='/routes/**']
2023-01-11 16:59:46.157 DEBUG 10448 --- [restartedMain] edFilterInvocationSecurityMetadataSource : Adding web access control expression [permitAll] for Ant [pattern='/favicon.ico']
2023-01-11 16:59:46.157 DEBUG 10448 --- [restartedMain] edFilterInvocationSecurityMetadataSource : Adding web access control expression [permitAll] for Ant [pattern='/ws/**']
2023-01-11 16:59:46.158 DEBUG 10448 --- [restartedMain] edFilterInvocationSecurityMetadataSource : Adding web access control expression [permitAll] for Ant [pattern='/delifacil/**/dadosPedidoNew/**']
2023-01-11 16:59:46.158 DEBUG 10448 --- [restartedMain] edFilterInvocationSecurityMetadataSource : Adding web access control expression [permitAll] for Ant [pattern='/delifacil/image/**']
2023-01-11 16:59:46.158 DEBUG 10448 --- [restartedMain] edFilterInvocationSecurityMetadataSource : Adding web access control expression [permitAll] for Ant [pattern='/api/cliente', POST]
2023-01-11 16:59:46.158 DEBUG 10448 --- [restartedMain] edFilterInvocationSecurityMetadataSource : Adding web access control expression [permitAll] for Ant [pattern='/api/empresa', POST]
2023-01-11 16:59:46.158 DEBUG 10448 --- [restartedMain] edFilterInvocationSecurityMetadataSource : Adding web access control expression [permitAll] for Ant [pattern='/api/login/signin', POST]
2023-01-11 16:59:46.158 DEBUG 10448 --- [restartedMain] edFilterInvocationSecurityMetadataSource : Adding web access control expression [hasAnyAuthority('EMPRESA_ADMIN','EMPRESA_USER')] for Ant [pattern='/api/categoriaproduto', POST]
2023-01-11 16:59:46.159 DEBUG 10448 --- [restartedMain] edFilterInvocationSecurityMetadataSource : Adding web access control expression [hasAnyAuthority('EMPRESA_ADMIN','EMPRESA_USER')] for Ant [pattern='/api/categoriaproduto/*', PUT]
2023-01-11 16:59:46.159 DEBUG 10448 --- [restartedMain] edFilterInvocationSecurityMetadataSource : Adding web access control expression [hasAnyAuthority('EMPRESA_ADMIN')] for Ant [pattern='/api/categoriaproduto/*', DELETE]
2023-01-11 16:59:46.160 DEBUG 10448 --- [restartedMain] edFilterInvocationSecurityMetadataSource : Adding web access control expression [hasAnyAuthority('CLIENTE','EMPRESA_ADMIN','EMPRESA_USER')] for Ant [pattern='/api/categoriaproduto/', GET]
2023-01-11 16:59:46.160 DEBUG 10448 --- [restartedMain] edFilterInvocationSecurityMetadataSource : Adding web access control expression [hasAnyAuthority('CLIENTE','EMPRESA_ADMIN','EMPRESA_USER')] for any request
2023-01-11 16:59:46.169  INFO 10448 --- [restartedMain] o.s.s.web.DefaultSecurityFilterChain     : Will secure any request with [org.springframework.security.web.session.DisableEncodeUrlFilter@10ad5ada, org.springframework.security.web.context.request.async.WebAsyncManagerIntegrationFilter@2a227eb5, org.springframework.security.web.context.SecurityContextPersistenceFilter@7e1737e7, org.springframework.security.web.header.HeaderWriterFilter@4bf868f6, org.springframework.web.filter.CorsFilter@12522a1a, org.springframework.security.web.authentication.logout.LogoutFilter@2236a559, br.com.ifpe.oxefood.security.jwt.JwtTokenAuthenticationFilter@71bf7f18, org.springframework.security.web.savedrequest.RequestCacheAwareFilter@7c609b5a, org.springframework.security.web.servletapi.SecurityContextHolderAwareRequestFilter@3b0f333e, org.springframework.security.web.authentication.AnonymousAuthenticationFilter@b3e907f, org.springframework.security.web.session.SessionManagementFilter@46b49e1e, org.springframework.security.web.access.ExceptionTranslationFilter@1fb3303a, org.springframework.security.web.access.intercept.FilterSecurityInterceptor@77f982b5]
2023-01-11 16:59:46.271  INFO 10448 --- [restartedMain] o.s.b.d.a.OptionalLiveReloadServer       : LiveReload server is running on port 35729
2023-01-11 16:59:46.385  WARN 10448 --- [restartedMain] JpaBaseConfiguration$JpaWebConfiguration : spring.jpa.open-in-view is enabled by default. Therefore, database queries may be performed during view rendering. Explicitly configure spring.jpa.open-in-view to disable this warning
2023-01-11 16:59:46.653  INFO 10448 --- [restartedMain] o.s.b.w.embedded.tomcat.TomcatWebServer  : Tomcat started on port(s): 8085 (http) with context path ''
2023-01-11 16:59:46.943  INFO 10448 --- [restartedMain] br.com.ifpe.oxefood.OxefoodApplication   : Started OxefoodApplication in 11.396 seconds (JVM running for 11.863)
